INFO:root:Start SimCLR training for 200 epochs.
INFO:root:Training with gpu: False.
DEBUG:root:Epoch: 0	Loss: 6.706729888916016	Top1 accuracy: 2.5390625
DEBUG:root:Epoch: 1	Loss: 5.571606159210205	Top1 accuracy: 5.46875
DEBUG:root:Epoch: 2	Loss: 5.503203868865967	Top1 accuracy: 6.8359375
DEBUG:root:Epoch: 3	Loss: 4.80642032623291	Top1 accuracy: 14.0625
DEBUG:root:Epoch: 4	Loss: 4.8608317375183105	Top1 accuracy: 17.96875
DEBUG:root:Epoch: 5	Loss: 4.523264408111572	Top1 accuracy: 20.1171875
DEBUG:root:Epoch: 6	Loss: 4.258200168609619	Top1 accuracy: 24.4140625
DEBUG:root:Epoch: 7	Loss: 3.9840478897094727	Top1 accuracy: 25.0
DEBUG:root:Epoch: 8	Loss: 3.8505258560180664	Top1 accuracy: 30.2734375
DEBUG:root:Epoch: 9	Loss: 3.810580015182495	Top1 accuracy: 30.078125
DEBUG:root:Epoch: 10	Loss: 4.035300254821777	Top1 accuracy: 27.1484375
DEBUG:root:Epoch: 11	Loss: 3.427852153778076	Top1 accuracy: 21.484375
DEBUG:root:Epoch: 12	Loss: 3.6085493564605713	Top1 accuracy: 28.7109375
DEBUG:root:Epoch: 13	Loss: 3.5455727577209473	Top1 accuracy: 34.1796875
DEBUG:root:Epoch: 14	Loss: 3.6944401264190674	Top1 accuracy: 31.25
DEBUG:root:Epoch: 15	Loss: 3.8090715408325195	Top1 accuracy: 31.640625
DEBUG:root:Epoch: 16	Loss: 3.8726985454559326	Top1 accuracy: 33.3984375
DEBUG:root:Epoch: 17	Loss: 3.4107296466827393	Top1 accuracy: 33.3984375
DEBUG:root:Epoch: 18	Loss: 3.1206743717193604	Top1 accuracy: 36.328125
DEBUG:root:Epoch: 19	Loss: 3.347485065460205	Top1 accuracy: 31.4453125
DEBUG:root:Epoch: 20	Loss: 3.1033363342285156	Top1 accuracy: 39.2578125
DEBUG:root:Epoch: 21	Loss: 3.059926986694336	Top1 accuracy: 35.15625
DEBUG:root:Epoch: 22	Loss: 3.645690679550171	Top1 accuracy: 40.8203125
DEBUG:root:Epoch: 23	Loss: 3.561418294906616	Top1 accuracy: 37.6953125
DEBUG:root:Epoch: 24	Loss: 3.0548574924468994	Top1 accuracy: 40.4296875
DEBUG:root:Epoch: 25	Loss: 3.1882150173187256	Top1 accuracy: 37.6953125
DEBUG:root:Epoch: 26	Loss: 3.5156936645507812	Top1 accuracy: 46.6796875
DEBUG:root:Epoch: 27	Loss: 3.2919023036956787	Top1 accuracy: 42.96875
DEBUG:root:Epoch: 28	Loss: 3.0199084281921387	Top1 accuracy: 43.75
DEBUG:root:Epoch: 29	Loss: 3.0909335613250732	Top1 accuracy: 43.75
DEBUG:root:Epoch: 30	Loss: 2.591324806213379	Top1 accuracy: 40.234375
DEBUG:root:Epoch: 31	Loss: 2.990403652191162	Top1 accuracy: 43.1640625
DEBUG:root:Epoch: 32	Loss: 2.9379451274871826	Top1 accuracy: 39.2578125
DEBUG:root:Epoch: 33	Loss: 2.8853626251220703	Top1 accuracy: 46.2890625
DEBUG:root:Epoch: 34	Loss: 2.9926536083221436	Top1 accuracy: 43.9453125
DEBUG:root:Epoch: 35	Loss: 2.935863494873047	Top1 accuracy: 46.875
DEBUG:root:Epoch: 36	Loss: 2.653785228729248	Top1 accuracy: 46.875
DEBUG:root:Epoch: 37	Loss: 2.7050139904022217	Top1 accuracy: 45.8984375
DEBUG:root:Epoch: 38	Loss: 2.8754005432128906	Top1 accuracy: 48.6328125
DEBUG:root:Epoch: 39	Loss: 2.622244358062744	Top1 accuracy: 49.0234375
DEBUG:root:Epoch: 40	Loss: 2.8980050086975098	Top1 accuracy: 50.390625
DEBUG:root:Epoch: 41	Loss: 2.776167631149292	Top1 accuracy: 47.8515625
DEBUG:root:Epoch: 42	Loss: 2.91160249710083	Top1 accuracy: 48.2421875
DEBUG:root:Epoch: 43	Loss: 2.7791693210601807	Top1 accuracy: 45.8984375
DEBUG:root:Epoch: 44	Loss: 2.4875314235687256	Top1 accuracy: 45.3125
DEBUG:root:Epoch: 45	Loss: 2.685270309448242	Top1 accuracy: 48.828125
DEBUG:root:Epoch: 46	Loss: 2.673215866088867	Top1 accuracy: 50.390625
DEBUG:root:Epoch: 47	Loss: 2.5014665126800537	Top1 accuracy: 50.9765625
DEBUG:root:Epoch: 48	Loss: 2.395580530166626	Top1 accuracy: 49.21875
DEBUG:root:Epoch: 49	Loss: 2.5674493312835693	Top1 accuracy: 50.0
DEBUG:root:Epoch: 50	Loss: 2.731804847717285	Top1 accuracy: 53.7109375
DEBUG:root:Epoch: 51	Loss: 2.600205421447754	Top1 accuracy: 50.0
DEBUG:root:Epoch: 52	Loss: 2.557361125946045	Top1 accuracy: 52.9296875
DEBUG:root:Epoch: 53	Loss: 2.5463545322418213	Top1 accuracy: 50.9765625
DEBUG:root:Epoch: 54	Loss: 2.6022229194641113	Top1 accuracy: 49.21875
DEBUG:root:Epoch: 55	Loss: 2.202373504638672	Top1 accuracy: 50.5859375
DEBUG:root:Epoch: 56	Loss: 2.2281956672668457	Top1 accuracy: 49.609375
DEBUG:root:Epoch: 57	Loss: 2.5307865142822266	Top1 accuracy: 54.4921875
DEBUG:root:Epoch: 58	Loss: 2.150636672973633	Top1 accuracy: 55.2734375
DEBUG:root:Epoch: 59	Loss: 2.5880661010742188	Top1 accuracy: 57.421875
DEBUG:root:Epoch: 60	Loss: 2.4369330406188965	Top1 accuracy: 54.4921875
DEBUG:root:Epoch: 61	Loss: 2.1862587928771973	Top1 accuracy: 55.859375
DEBUG:root:Epoch: 62	Loss: 1.9936339855194092	Top1 accuracy: 56.640625
DEBUG:root:Epoch: 63	Loss: 2.257030487060547	Top1 accuracy: 47.4609375
DEBUG:root:Epoch: 64	Loss: 2.434500217437744	Top1 accuracy: 53.515625
DEBUG:root:Epoch: 65	Loss: 2.7367498874664307	Top1 accuracy: 57.8125
DEBUG:root:Epoch: 66	Loss: 2.5130176544189453	Top1 accuracy: 57.2265625
DEBUG:root:Epoch: 67	Loss: 2.475929021835327	Top1 accuracy: 59.9609375
DEBUG:root:Epoch: 68	Loss: 2.222177267074585	Top1 accuracy: 53.7109375
DEBUG:root:Epoch: 69	Loss: 2.3525686264038086	Top1 accuracy: 53.3203125
DEBUG:root:Epoch: 70	Loss: 2.3859188556671143	Top1 accuracy: 53.90625
DEBUG:root:Epoch: 71	Loss: 2.310015916824341	Top1 accuracy: 59.9609375
DEBUG:root:Epoch: 72	Loss: 2.4462428092956543	Top1 accuracy: 51.5625
DEBUG:root:Epoch: 73	Loss: 2.0485944747924805	Top1 accuracy: 59.9609375
DEBUG:root:Epoch: 74	Loss: 2.083894729614258	Top1 accuracy: 56.0546875
DEBUG:root:Epoch: 75	Loss: 2.20090913772583	Top1 accuracy: 61.5234375
DEBUG:root:Epoch: 76	Loss: 2.186584711074829	Top1 accuracy: 58.203125
DEBUG:root:Epoch: 77	Loss: 2.3260982036590576	Top1 accuracy: 51.953125
DEBUG:root:Epoch: 78	Loss: 2.49416184425354	Top1 accuracy: 51.5625
DEBUG:root:Epoch: 79	Loss: 2.5779995918273926	Top1 accuracy: 59.9609375
DEBUG:root:Epoch: 80	Loss: 2.1406354904174805	Top1 accuracy: 57.03125
DEBUG:root:Epoch: 81	Loss: 2.13551664352417	Top1 accuracy: 61.9140625
DEBUG:root:Epoch: 82	Loss: 2.171692132949829	Top1 accuracy: 60.15625
DEBUG:root:Epoch: 83	Loss: 2.011756658554077	Top1 accuracy: 57.03125
DEBUG:root:Epoch: 84	Loss: 1.9578871726989746	Top1 accuracy: 57.2265625
DEBUG:root:Epoch: 85	Loss: 2.3050596714019775	Top1 accuracy: 56.0546875
DEBUG:root:Epoch: 86	Loss: 2.1423444747924805	Top1 accuracy: 54.8828125
DEBUG:root:Epoch: 87	Loss: 2.1301217079162598	Top1 accuracy: 55.6640625
DEBUG:root:Epoch: 88	Loss: 2.176942825317383	Top1 accuracy: 59.5703125
DEBUG:root:Epoch: 89	Loss: 1.9307643175125122	Top1 accuracy: 56.0546875
DEBUG:root:Epoch: 90	Loss: 1.9723711013793945	Top1 accuracy: 57.2265625
DEBUG:root:Epoch: 91	Loss: 2.287471055984497	Top1 accuracy: 56.640625
DEBUG:root:Epoch: 92	Loss: 1.9077240228652954	Top1 accuracy: 56.8359375
DEBUG:root:Epoch: 93	Loss: 2.0370032787323	Top1 accuracy: 62.5
DEBUG:root:Epoch: 94	Loss: 2.006190061569214	Top1 accuracy: 60.15625
DEBUG:root:Epoch: 95	Loss: 2.0432729721069336	Top1 accuracy: 60.3515625
DEBUG:root:Epoch: 96	Loss: 1.9585243463516235	Top1 accuracy: 56.640625
DEBUG:root:Epoch: 97	Loss: 2.1442320346832275	Top1 accuracy: 60.15625
DEBUG:root:Epoch: 98	Loss: 1.9206098318099976	Top1 accuracy: 53.90625
DEBUG:root:Epoch: 99	Loss: 2.1700897216796875	Top1 accuracy: 56.4453125
DEBUG:root:Epoch: 100	Loss: 1.9464818239212036	Top1 accuracy: 64.84375
DEBUG:root:Epoch: 101	Loss: 1.8441451787948608	Top1 accuracy: 54.6875
DEBUG:root:Epoch: 102	Loss: 1.8896570205688477	Top1 accuracy: 61.71875
DEBUG:root:Epoch: 103	Loss: 2.01161789894104	Top1 accuracy: 61.1328125
DEBUG:root:Epoch: 104	Loss: 2.0511088371276855	Top1 accuracy: 57.03125
DEBUG:root:Epoch: 105	Loss: 2.115834951400757	Top1 accuracy: 61.71875
DEBUG:root:Epoch: 106	Loss: 2.107795476913452	Top1 accuracy: 62.109375
DEBUG:root:Epoch: 107	Loss: 2.186713933944702	Top1 accuracy: 61.328125
DEBUG:root:Epoch: 108	Loss: 1.831103801727295	Top1 accuracy: 61.71875
DEBUG:root:Epoch: 109	Loss: 2.1264281272888184	Top1 accuracy: 64.2578125
DEBUG:root:Epoch: 110	Loss: 1.6976960897445679	Top1 accuracy: 61.5234375
DEBUG:root:Epoch: 111	Loss: 1.9041861295700073	Top1 accuracy: 62.6953125
DEBUG:root:Epoch: 112	Loss: 1.9554084539413452	Top1 accuracy: 56.4453125
DEBUG:root:Epoch: 113	Loss: 2.048403263092041	Top1 accuracy: 64.6484375
DEBUG:root:Epoch: 114	Loss: 1.9623608589172363	Top1 accuracy: 58.203125
DEBUG:root:Epoch: 115	Loss: 1.9014227390289307	Top1 accuracy: 56.0546875
DEBUG:root:Epoch: 116	Loss: 1.8737108707427979	Top1 accuracy: 63.8671875
DEBUG:root:Epoch: 117	Loss: 1.9719698429107666	Top1 accuracy: 61.9140625
DEBUG:root:Epoch: 118	Loss: 2.170880079269409	Top1 accuracy: 57.03125
DEBUG:root:Epoch: 119	Loss: 2.0963850021362305	Top1 accuracy: 65.0390625
DEBUG:root:Epoch: 120	Loss: 1.7203786373138428	Top1 accuracy: 66.6015625
DEBUG:root:Epoch: 121	Loss: 1.995400071144104	Top1 accuracy: 60.546875
DEBUG:root:Epoch: 122	Loss: 1.957193374633789	Top1 accuracy: 58.203125
DEBUG:root:Epoch: 123	Loss: 2.188258409500122	Top1 accuracy: 63.0859375
DEBUG:root:Epoch: 124	Loss: 1.9325878620147705	Top1 accuracy: 59.1796875
DEBUG:root:Epoch: 125	Loss: 1.8088427782058716	Top1 accuracy: 59.765625
DEBUG:root:Epoch: 126	Loss: 1.9192047119140625	Top1 accuracy: 64.84375
DEBUG:root:Epoch: 127	Loss: 1.6472694873809814	Top1 accuracy: 55.6640625
DEBUG:root:Epoch: 128	Loss: 1.9539003372192383	Top1 accuracy: 64.453125
DEBUG:root:Epoch: 129	Loss: 1.998613953590393	Top1 accuracy: 66.40625
DEBUG:root:Epoch: 130	Loss: 1.9102535247802734	Top1 accuracy: 61.71875
DEBUG:root:Epoch: 131	Loss: 1.7433550357818604	Top1 accuracy: 66.796875
DEBUG:root:Epoch: 132	Loss: 1.712248682975769	Top1 accuracy: 59.1796875
DEBUG:root:Epoch: 133	Loss: 1.9798204898834229	Top1 accuracy: 63.28125
DEBUG:root:Epoch: 134	Loss: 1.9150902032852173	Top1 accuracy: 65.0390625
DEBUG:root:Epoch: 135	Loss: 1.8435587882995605	Top1 accuracy: 62.5
DEBUG:root:Epoch: 136	Loss: 1.9725048542022705	Top1 accuracy: 57.2265625
DEBUG:root:Epoch: 137	Loss: 1.725078821182251	Top1 accuracy: 64.84375
DEBUG:root:Epoch: 138	Loss: 1.4571781158447266	Top1 accuracy: 61.1328125
DEBUG:root:Epoch: 139	Loss: 1.6977503299713135	Top1 accuracy: 66.015625
DEBUG:root:Epoch: 140	Loss: 1.772688865661621	Top1 accuracy: 64.2578125
DEBUG:root:Epoch: 141	Loss: 1.753758430480957	Top1 accuracy: 59.9609375
DEBUG:root:Epoch: 142	Loss: 1.7865188121795654	Top1 accuracy: 61.71875
DEBUG:root:Epoch: 143	Loss: 1.9277148246765137	Top1 accuracy: 64.453125
DEBUG:root:Epoch: 144	Loss: 1.7605910301208496	Top1 accuracy: 62.3046875
DEBUG:root:Epoch: 145	Loss: 1.9045177698135376	Top1 accuracy: 64.6484375
DEBUG:root:Epoch: 146	Loss: 1.9276821613311768	Top1 accuracy: 60.9375
DEBUG:root:Epoch: 147	Loss: 2.0075182914733887	Top1 accuracy: 64.2578125
DEBUG:root:Epoch: 148	Loss: 1.67526113986969	Top1 accuracy: 61.328125
DEBUG:root:Epoch: 149	Loss: 1.5016388893127441	Top1 accuracy: 59.765625
DEBUG:root:Epoch: 150	Loss: 1.8956458568572998	Top1 accuracy: 66.015625
DEBUG:root:Epoch: 151	Loss: 1.6679011583328247	Top1 accuracy: 64.0625
DEBUG:root:Epoch: 152	Loss: 1.8368176221847534	Top1 accuracy: 61.71875
DEBUG:root:Epoch: 153	Loss: 1.826540231704712	Top1 accuracy: 58.0078125
DEBUG:root:Epoch: 154	Loss: 1.6265888214111328	Top1 accuracy: 64.453125
DEBUG:root:Epoch: 155	Loss: 1.7895376682281494	Top1 accuracy: 62.5
DEBUG:root:Epoch: 156	Loss: 1.6906541585922241	Top1 accuracy: 65.234375
DEBUG:root:Epoch: 157	Loss: 1.941892385482788	Top1 accuracy: 62.3046875
DEBUG:root:Epoch: 158	Loss: 1.7250347137451172	Top1 accuracy: 70.3125
DEBUG:root:Epoch: 159	Loss: 1.7235101461410522	Top1 accuracy: 60.3515625
DEBUG:root:Epoch: 160	Loss: 1.6460717916488647	Top1 accuracy: 66.9921875
DEBUG:root:Epoch: 161	Loss: 1.8715386390686035	Top1 accuracy: 65.4296875
DEBUG:root:Epoch: 162	Loss: 1.849683165550232	Top1 accuracy: 71.6796875
DEBUG:root:Epoch: 163	Loss: 1.7739018201828003	Top1 accuracy: 66.2109375
DEBUG:root:Epoch: 164	Loss: 1.699783205986023	Top1 accuracy: 71.09375
DEBUG:root:Epoch: 165	Loss: 1.824389100074768	Top1 accuracy: 68.5546875
DEBUG:root:Epoch: 166	Loss: 1.7524454593658447	Top1 accuracy: 63.4765625
DEBUG:root:Epoch: 167	Loss: 1.7556105852127075	Top1 accuracy: 60.9375
DEBUG:root:Epoch: 168	Loss: 1.8115909099578857	Top1 accuracy: 59.9609375
DEBUG:root:Epoch: 169	Loss: 1.6579760313034058	Top1 accuracy: 70.5078125
DEBUG:root:Epoch: 170	Loss: 1.7247213125228882	Top1 accuracy: 63.4765625
DEBUG:root:Epoch: 171	Loss: 1.9057891368865967	Top1 accuracy: 69.140625
DEBUG:root:Epoch: 172	Loss: 1.6535298824310303	Top1 accuracy: 69.140625
DEBUG:root:Epoch: 173	Loss: 1.8447970151901245	Top1 accuracy: 67.578125
DEBUG:root:Epoch: 174	Loss: 1.5876532793045044	Top1 accuracy: 68.359375
DEBUG:root:Epoch: 175	Loss: 1.6600821018218994	Top1 accuracy: 63.0859375
DEBUG:root:Epoch: 176	Loss: 1.7469148635864258	Top1 accuracy: 65.625
DEBUG:root:Epoch: 177	Loss: 1.6663291454315186	Top1 accuracy: 65.0390625
DEBUG:root:Epoch: 178	Loss: 1.9860237836837769	Top1 accuracy: 66.6015625
DEBUG:root:Epoch: 179	Loss: 1.8191807270050049	Top1 accuracy: 62.5
DEBUG:root:Epoch: 180	Loss: 1.6745319366455078	Top1 accuracy: 67.7734375
DEBUG:root:Epoch: 181	Loss: 1.7675775289535522	Top1 accuracy: 69.53125
DEBUG:root:Epoch: 182	Loss: 1.92886221408844	Top1 accuracy: 67.578125
DEBUG:root:Epoch: 183	Loss: 1.9203262329101562	Top1 accuracy: 67.96875
DEBUG:root:Epoch: 184	Loss: 1.5938746929168701	Top1 accuracy: 66.2109375
DEBUG:root:Epoch: 185	Loss: 1.8007986545562744	Top1 accuracy: 63.4765625
DEBUG:root:Epoch: 186	Loss: 1.5279273986816406	Top1 accuracy: 67.578125
DEBUG:root:Epoch: 187	Loss: 1.7504154443740845	Top1 accuracy: 67.96875
DEBUG:root:Epoch: 188	Loss: 1.7163143157958984	Top1 accuracy: 68.5546875
DEBUG:root:Epoch: 189	Loss: 1.8559070825576782	Top1 accuracy: 67.7734375
DEBUG:root:Epoch: 190	Loss: 1.6250126361846924	Top1 accuracy: 64.6484375
DEBUG:root:Epoch: 191	Loss: 1.9269461631774902	Top1 accuracy: 62.3046875
DEBUG:root:Epoch: 192	Loss: 1.5570889711380005	Top1 accuracy: 64.453125
DEBUG:root:Epoch: 193	Loss: 1.6335499286651611	Top1 accuracy: 63.0859375
DEBUG:root:Epoch: 194	Loss: 2.039109945297241	Top1 accuracy: 67.1875
DEBUG:root:Epoch: 195	Loss: 1.7456536293029785	Top1 accuracy: 69.3359375
DEBUG:root:Epoch: 196	Loss: 1.6842252016067505	Top1 accuracy: 63.0859375
DEBUG:root:Epoch: 197	Loss: 1.6252347230911255	Top1 accuracy: 65.625
DEBUG:root:Epoch: 198	Loss: 1.665922999382019	Top1 accuracy: 62.890625
DEBUG:root:Epoch: 199	Loss: 1.7246545553207397	Top1 accuracy: 66.2109375
INFO:root:Training has finished.
INFO:root:Model checkpoint and metadata has been saved at runs/Dec08_11-48-11_midway3-0280.rcc.local.
